<?xml version="1.0" encoding="UTF-8"?>
<testsuite name="com.magic.hotelreservation.HotelReservationTest" tests="1" skipped="0" failures="0" errors="0" timestamp="2021-06-08T09:11:39" hostname="DESKTOP-38KI29F" time="0.035">
  <properties/>
  <testcase name="givenDates_ShouldReturnCheapestPrice()" classname="com.magic.hotelreservation.HotelReservationTest" time="0.035"/>
  <system-out><![CDATA[Hotels{name='LakeWood', rate=220}
]]></system-out>
  <system-err><![CDATA[]]></system-err>
</testsuite>
