<?xml version="1.0" encoding="UTF-8"?>
<testsuite name="com.magic.hotelreservation.HotelReservationTest" tests="2" skipped="0" failures="0" errors="0" timestamp="2021-06-08T08:53:36" hostname="DESKTOP-38KI29F" time="0.069">
  <properties/>
  <testcase name="givenNameAndRate_AddedToList_ShouldReturnSizeThree()" classname="com.magic.hotelreservation.HotelReservationTest" time="0.06"/>
  <testcase name="givenDates_ShouldReturnCheapestPrice()" classname="com.magic.hotelreservation.HotelReservationTest" time="0.006"/>
  <system-out><![CDATA[Hotels{name='LakeWood', rate=220}
]]></system-out>
  <system-err><![CDATA[]]></system-err>
</testsuite>
