<?xml version="1.0" encoding="UTF-8"?>
<testsuite name="com.magic.hotelreservation.HotelReservationTest" tests="1" skipped="0" failures="0" errors="0" timestamp="2021-06-09T06:05:47" hostname="DESKTOP-38KI29F" time="0.048">
  <properties/>
  <testcase name="givenDates_ShouldReturnCheapestPrice()" classname="com.magic.hotelreservation.HotelReservationTest" time="0.048"/>
  <system-out><![CDATA[LakeWood 220 ]]></system-out>
  <system-err><![CDATA[]]></system-err>
</testsuite>
