<?xml version="1.0" encoding="UTF-8"?>
<testsuite name="com.magic.hotelreservation.HotelReservationTest" tests="1" skipped="0" failures="0" errors="0" timestamp="2021-06-08T10:53:37" hostname="DESKTOP-38KI29F" time="0.043">
  <properties/>
  <testcase name="givenNameAndRate_AddedToList_ShouldReturnSizeThree()" classname="com.magic.hotelreservation.HotelReservationTest" time="0.043"/>
  <system-out><![CDATA[]]></system-out>
  <system-err><![CDATA[]]></system-err>
</testsuite>
